[32m[ghmattimysql][0m Database server connection established.
[MariaDB:10.4.8-MariaDB] [qb-core] [198ms] DELETE FROM `phone_tweets` : []
[MariaDB:10.4.8-MariaDB] [qb-core] [197ms] SELECT * FROM `houselocations` : []
[MariaDB:10.4.8-MariaDB] [qb-houses] [196ms] SELECT * FROM player_houses : []
[MariaDB:10.4.8-MariaDB] [qb-core] [197ms] SELECT * FROM `houselocations` : []
[MariaDB:10.4.8-MariaDB] [qb-core] [193ms] SELECT * FROM `queue` : []
[MariaDB:10.4.8-MariaDB] [qb-core] [202ms] SELECT * FROM `house_plants` : []
[MariaDB:10.4.8-MariaDB] [qb-core] [27ms] SELECT * FROM `permissions` : []
[MariaDB:10.4.8-MariaDB] [qb-core] [4ms] SELECT * FROM `bans` WHERE `steam` = 'steam:110000117fd5be8' OR `license` = 'license:b19a466c8a6553b860896f6724db32dfec9d5aad' OR `ip` = 'xbl:2535451537505179' : []
[MariaDB:10.4.8-MariaDB] [qb-multicharacter] [6ms] SELECT * FROM players WHERE steam = ? : ["steam:110000117fd5be8"]
[MariaDB:10.4.8-MariaDB] [qb-core] [5ms] SELECT * FROM `playerskins` WHERE `citizenid` = 'CFC09497' AND `active` = 1 : []
[MariaDB:10.4.8-MariaDB] [qb-core] [5ms] SELECT * FROM `players` WHERE `citizenid` = 'CFC09497' : []
[MariaDB:10.4.8-MariaDB] [qb-core] [2ms] SELECT * FROM `playeritems` WHERE `citizenid` = 'CFC09497' : []
[MariaDB:10.4.8-MariaDB] [qb-core] [3ms] DELETE FROM `playeritems` WHERE `citizenid` = 'CFC09497' : []
[MariaDB:10.4.8-MariaDB] [qb-core] [3ms] INSERT INTO `playeritems` (`citizenid`, `name`, `amount`, `info`, `type`, `slot`) VALUES ('CFC09497', 'phone', '1', '[]', 'item', '1') : []
[MariaDB:10.4.8-MariaDB] [qb-core] [2ms] SELECT * FROM `players` WHERE `citizenid` = 'CFC09497' : []
[MariaDB:10.4.8-MariaDB] [qb-core] [3ms] INSERT INTO `playeritems` (`citizenid`, `name`, `amount`, `info`, `type`, `slot`) VALUES ('CFC09497', 'radio', '1', '[]', 'item', '2') : []
[MariaDB:10.4.8-MariaDB] [qb-core] [2ms] SELECT * FROM `houselocations` : []
[MariaDB:10.4.8-MariaDB] [qb-core] [14ms] UPDATE `players` SET steam='steam:110000117fd5be8',license='license:b19a466c8a6553b860896f6724db32dfec9d5aad',name='s0me1',money='{"bank":483909,"crypto":0,"cash":426940.0}',charinfo='{"account":"NL07QBUS7269441845","backstory":"placeholder backstory","gender":0,"nationality":"Nederlandse","phone":"0658306206","birthdate":"1997-05-13","cid":"1","lastname":"Nandes","firstname":"Jay"}',job='{"name":"police","payment":200,"label":"Politie","onduty":true}',position='{"y":-171.31649780273,"x":271.21438598633,"a":219.19955444336,"z":60.538028717041}',metadata='{"jobrep":{"taxi":0,"trucker":0,"tow":0},"thirst":69.6,"licences":{"driver":false,"business":false},"phone":{"settings":{"background":"bg-1","notifications":false}},"criminalrecord":{"hasRecord":true,"date":{"day":10,"min":23,"hour":0,"wday":3,"isdst":false,"year":2019,"month":12,"sec":59,"yday":344}},"tracker":false,"commandbinds":{"F5":{"argument":"","command":"revive"},"F6":{"argument":"lwgtr","command":"sv"},"F7":{"argument":"","command":""},"F3":{"argument":"","command":"fix"},"F2":{"argument":"","command":""},"F10":{"argument":"","command":""},"F9":{"argument":"","command":"admin"}},"callsign":"NO CALLSIGN","warnings":[{"staff":"steam:110000117fd5be8","reason":"test"},{"staff":"steam:110000117fd5be8","reason":"test"},{"staff":"steam:110000117fd5be8","reason":"test"},{"staff":"steam:110000117fd5be8","reason":"test"},{"staff":"steam:110000117fd5be8","reason":"test"}],"status":[],"ishandcuffed":false,"injail":0,"hunger":66.4,"bloodtype":"A+","isdead":false,"fingerprint":"qI037L34AWa6743","currentapartment":"apartment18426","dealerrep":500,"jailitems":[{"type":"item","weight":30000,"label":"Duikgear","useable":true,"name":"diving_gear","unique":true,"amount":1,"shouldClose":true,"info":[],"slot":1,"image":"diving_gear.png","description":"Hmm lekker duiken lol uhm lol yeey."},{"type":"item","weight":700,"label":"Telefoon","useable":false,"name":"phone","unique":true,"amount":1,"shouldClose":false,"info":[],"slot":2,"image":"phone.png","description":"Leuk telefoontjuhh"},{"type":"weapon","weight":1000,"label":"SNS Pistol","useable":false,"name":"weapon_snspistol","unique":true,"amount":1,"info":{"serie":"30ESH1zX100Tbdf"},"slot":3,"image":"weapon_snspistol.png","description":"This is a placeholder description"},{"type":"item","weight":30000,"label":"Duikgear","useable":true,"name":"diving_gear","unique":true,"amount":1,"shouldClose":true,"info":[],"slot":4,"image":"diving_gear.png","description":"Hmm lekker duiken lol uhm lol yeey."},{"type":"item","weight":2000,"label":"Radio","useable":true,"name":"radio","unique":true,"amount":1,"shouldClose":true,"info":[],"slot":5,"image":"radio.png","description":"Hiermee kan je met elkaar communiceren over een signaal"}],"fitbit":[],"craftingrep":0,"armor":0}' WHERE `citizenid` = 'CFC09497' : []
[MariaDB:10.4.8-MariaDB] [qb-core] [4ms] SELECT * FROM `apartments` WHERE `citizenid` = 'CFC09497'  : []
[MariaDB:10.4.8-MariaDB] [qb-core] [2ms] SELECT * FROM `player_houses` WHERE `citizenid` = "CFC09497" : []
[MariaDB:10.4.8-MariaDB] [qb-core] [31ms] SELECT * FROM `playerskins` WHERE `citizenid` = 'CFC09497' AND `active` = 1 : []
[MariaDB:10.4.8-MariaDB] [qb-core] [30ms] SELECT * FROM `player_contacts` WHERE `citizenid` = 'CFC09497' : []
[MariaDB:10.4.8-MariaDB] [qb-core] [45ms] SELECT * FROM `playerammo` WHERE `citizenid` = 'CFC09497' : []
[MariaDB:10.4.8-MariaDB] [qb-core] [6ms] SELECT * FROM `bills` WHERE `citizenid` = 'CFC09497' AND `type` = 'police' : []
[MariaDB:10.4.8-MariaDB] [qb-core] [29ms] SELECT * FROM `phone_messages` WHERE `citizenid` = 'CFC09497' : []
[MariaDB:10.4.8-MariaDB] [qb-core] [4ms] SELECT * FROM `players` WHERE `charinfo` LIKE '%0658306206%' : []
[MariaDB:10.4.8-MariaDB] [qb-core] [2ms] SELECT * FROM `players` WHERE `charinfo` LIKE '%0658306206%' : []
[MariaDB:10.4.8-MariaDB] [qb-core] [8ms] SELECT * FROM `apartments` WHERE `citizenid` = 'CFC09497'  : []
[MariaDB:10.4.8-MariaDB] [qb-houses] [4ms] SELECT * FROM player_houses WHERE identifier = ? AND citizenid = ? : ["steam:110000117fd5be8","CFC09497"]
[MariaDB:10.4.8-MariaDB] [qb-core] [9ms] SELECT * FROM `apartments` WHERE `citizenid` = 'CFC09497'  : []
[MariaDB:10.4.8-MariaDB] [qb-core] [10ms] SELECT * FROM `apartments` WHERE `citizenid` = 'CFC09497'  : []
[MariaDB:10.4.8-MariaDB] [qb-core] [6ms] SELECT * FROM `playerammo` WHERE `citizenid` = 'CFC09497' : []
[MariaDB:10.4.8-MariaDB] [qb-core] [12ms] SELECT * FROM `player_contacts` WHERE `citizenid` = 'CFC09497' : []
[MariaDB:10.4.8-MariaDB] [qb-core] [2ms] UPDATE `playerammo` SET ammo='{"AMMO_RIFLE":3}' WHERE `citizenid` = 'CFC09497' : []
[MariaDB:10.4.8-MariaDB] [qb-core] [2ms] SELECT * FROM `players` WHERE `charinfo` LIKE '%0658306206%' : []
[MariaDB:10.4.8-MariaDB] [qb-core] [2ms] SELECT * FROM `players` WHERE `charinfo` LIKE '%0658306206%' : []
[MariaDB:10.4.8-MariaDB] [qb-core] [17ms] SELECT * FROM `apartments` WHERE `citizenid` = 'CFC09497'  : []
[MariaDB:10.4.8-MariaDB] [qb-core] [6ms] SELECT * FROM `apartments` WHERE `citizenid` = 'CFC09497'  : []
[MariaDB:10.4.8-MariaDB] [qb-core] [5ms] DELETE FROM `playeritems` WHERE `citizenid` = 'CFC09497' : []
[MariaDB:10.4.8-MariaDB] [qb-core] [2ms] INSERT INTO `playeritems` (`citizenid`, `name`, `amount`, `info`, `type`, `slot`) VALUES ('CFC09497', 'phone', '1', '[]', 'item', '1') : []
